<?xml version="1.0" encoding="UTF-8"?>
<!-- Generated by org.testng.reporters.JUnitReportReporter -->
<testsuite skipped="0" hostname="JOE-PC" name="testCases.SampleTest" tests="1" failures="0" timestamp="24 Jun 2020 01:04:37 GMT" time="3.113" errors="0">
  <testcase name="test1" time="3.113" classname="testCases.SampleTest"/>
</testsuite> <!-- testCases.SampleTest -->
