<?xml version="1.0" encoding="UTF-8"?>
<!-- Generated by org.testng.reporters.JUnitReportReporter -->
<testsuite skipped="0" hostname="JOE-PC" name="testCases.FirstTest" tests="1" failures="0" timestamp="24 Jun 2020 00:10:10 GMT" time="3.256" errors="0">
  <testcase name="test1" time="3.256" classname="testCases.FirstTest"/>
</testsuite> <!-- testCases.FirstTest -->
